<?xml version="1.0" encoding="UTF-8"?>
<!-- Generated by org.testng.reporters.JUnitXMLReporter -->
<testsuite ignored="0" hostname="sys" failures="0" tests="8" name="Users Search Test" time="6.348" errors="0" timestamp="2020-10-28T16:32:06 EDT">
  <testcase classname="com.gp.AutomationUI.UsersSearchTest" name="checkPageExistsTest" time="0.01"/>
  <testcase classname="com.gp.AutomationUI.UsersSearchTest" name="checkUsernameDropdownDisplayedTest" time="0.051"/>
  <testcase classname="com.gp.AutomationUI.UsersSearchTest" name="checkUserNameReadWriteTest" time="0.15"/>
  <testcase classname="com.gp.AutomationUI.UsersSearchTest" name="checkemailReadWriteTest" time="0.161"/>
  <testcase classname="com.gp.AutomationUI.UsersSearchTest" name="checkFromDateReadWriteTest" time="0.197"/>
  <testcase classname="com.gp.AutomationUI.UsersSearchTest" name="checkToDateReadWriteTest" time="0.149"/>
  <testcase classname="com.gp.AutomationUI.UsersSearchTest" name="ApplyFiltersTest" time="0.803"/>
  <testcase classname="com.gp.AutomationUI.UsersSearchTest" name="clearFiltersTest" time="0.908"/>
</testsuite> <!-- Users Search Test -->
